2024-11-21 10:32:11 [INFO] - Application Started
2024-11-21 10:32:11 [INFO] - Running tests in verbose mode
2024-11-21 10:32:11 [INFO] - Running tests from path: "src_tests"
2024-11-21 10:32:11 [INFO] - Removing all files in directory: "src_tests\\extract/output"
2024-11-21 10:32:11 [INFO] - Removing file: "src_tests\\extract/output\\argument_and_locals.rs"
2024-11-21 10:32:11 [INFO] - Removing file: "src_tests\\extract/output\\argument_form_expr.rs"
2024-11-21 10:32:11 [INFO] - Removing file: "src_tests\\extract/output\\argument_used_twice_form_expr.rs"
2024-11-21 10:32:11 [INFO] - Removing file: "src_tests\\extract/output\\break_from_nested_and_outer_loops.rs"
2024-11-21 10:32:11 [INFO] - Removing file: "src_tests\\extract/output\\break_from_nested_loop.rs"
2024-11-21 10:32:11 [INFO] - Removing file: "src_tests\\extract/output\\break_loop.rs"
2024-11-21 10:32:11 [INFO] - Removing file: "src_tests\\extract/output\\break_loop_nested.rs"
2024-11-21 10:32:11 [INFO] - Removing file: "src_tests\\extract/output\\break_loop_nested_labeled.rs"
2024-11-21 10:32:11 [INFO] - Removing file: "src_tests\\extract/output\\break_loop_with_if.rs"
2024-11-21 10:32:11 [INFO] - Removing file: "src_tests\\extract/output\\break_stmt.rs"
2024-11-21 10:32:11 [INFO] - Removing file: "src_tests\\extract/output\\break_with_value.rs"
2024-11-21 10:32:11 [INFO] - Removing file: "src_tests\\extract/output\\break_with_value_and_label.rs"
2024-11-21 10:32:11 [INFO] - Removing file: "src_tests\\extract/output\\break_with_value_and_return.rs"
2024-11-21 10:32:11 [INFO] - Removing file: "src_tests\\extract/output\\closure_arguments.rs"
2024-11-21 10:32:11 [INFO] - Removing file: "src_tests\\extract/output\\comments_in_block_expr.rs"
2024-11-21 10:32:11 [INFO] - Removing file: "src_tests\\extract/output\\continue_loop_nested_labeled.rs"
2024-11-21 10:32:11 [INFO] - Removing file: "src_tests\\extract/output\\copy_custom_used_after.rs"
2024-11-21 10:32:11 [INFO] - Removing file: "src_tests\\extract/output\\copy_used_after.rs"
2024-11-21 10:32:11 [INFO] - Removing file: "src_tests\\extract/output\\does_not_add_extra_whitespace.rs"
2024-11-21 10:32:11 [INFO] - Removing file: "src_tests\\extract/output\\does_not_import_control_flow.rs"
2024-11-21 10:32:11 [INFO] - Removing file: "src_tests\\extract/output\\dont_emit_type_with_hidden_lifetime_parameter.rs"
2024-11-21 10:32:11 [INFO] - Removing file: "src_tests\\extract/output\\empty_generic_param_list.rs"
2024-11-21 10:32:11 [INFO] - Removing file: "src_tests\\extract/output\\extract_cast.rs"
2024-11-21 10:32:11 [INFO] - Removing file: "src_tests\\extract/output\\extract_does_not_tear_body_apart.rs"
2024-11-21 10:32:11 [INFO] - Removing file: "src_tests\\extract/output\\extract_does_not_tear_comments_apart.rs"
2024-11-21 10:32:11 [INFO] - Removing file: "src_tests\\extract/output\\extract_does_not_wrap_res_in_res.rs"
2024-11-21 10:32:11 [INFO] - Removing file: "src_tests\\extract/output\\extract_from_nested.rs"
2024-11-21 10:32:11 [INFO] - Removing file: "src_tests\\extract/output\\extract_function_copies_comment_at_end.rs"
2024-11-21 10:32:11 [INFO] - Removing file: "src_tests\\extract/output\\extract_function_copies_comment_at_start.rs"
2024-11-21 10:32:11 [INFO] - Removing file: "src_tests\\extract/output\\extract_function_copies_comment_indented.rs"
2024-11-21 10:32:11 [INFO] - Removing file: "src_tests\\extract/output\\extract_function_copies_comment_in_between.rs"
2024-11-21 10:32:11 [INFO] - Removing file: "src_tests\\extract/output\\extract_function_does_preserve_whitespace.rs"
2024-11-21 10:32:11 [INFO] - Removing file: "src_tests\\extract/output\\extract_function_from_trait_with_existing_non_empty_impl_block.rs"
2024-11-21 10:32:11 [INFO] - Removing file: "src_tests\\extract/output\\extract_function_long_form_comment.rs"
2024-11-21 10:32:11 [INFO] - Removing file: "src_tests\\extract/output\\extract_method_from_trait_impl.rs"
2024-11-21 10:32:11 [INFO] - Removing file: "src_tests\\extract/output\\extract_method_from_trait_with_existing_non_empty_impl_block.rs"
2024-11-21 10:32:11 [INFO] - Removing file: "src_tests\\extract/output\\extract_method_from_trait_with_multiple_existing_impl_blocks.rs"
2024-11-21 10:32:11 [INFO] - Removing file: "src_tests\\extract/output\\extract_method_from_trait_with_multiple_existing_trait_impl_blocks.rs"
2024-11-21 10:32:11 [INFO] - Removing file: "src_tests\\extract/output\\extract_mut_ref_param_has_no_mut_binding_in_loop.rs"
2024-11-21 10:32:11 [INFO] - Removing file: "src_tests\\extract/output\\extract_partial_block.rs"
2024-11-21 10:32:11 [INFO] - Removing file: "src_tests\\extract/output\\extract_partial_block_single_line.rs"
2024-11-21 10:32:11 [INFO] - Removing file: "src_tests\\extract/output\\extract_return_stmt.rs"
2024-11-21 10:32:11 [INFO] - Removing file: "src_tests\\extract/output\\extract_with_await.rs"
2024-11-21 10:32:11 [INFO] - Removing file: "src_tests\\extract/output\\extract_with_await_and_result_producing_match_expr.rs"
2024-11-21 10:32:11 [INFO] - Removing file: "src_tests\\extract/output\\extract_with_await_in_args.rs"
2024-11-21 10:32:11 [INFO] - Removing file: "src_tests\\extract/output\\filters_unused_nested_generics.rs"
2024-11-21 10:32:11 [INFO] - Removing file: "src_tests\\extract/output\\filters_unused_nested_where_clauses.rs"
2024-11-21 10:32:11 [INFO] - Removing file: "src_tests\\extract/output\\filter_unused_generics.rs"
2024-11-21 10:32:11 [INFO] - Removing file: "src_tests\\extract/output\\filter_unused_where_clause.rs"
2024-11-21 10:32:11 [INFO] - Removing file: "src_tests\\extract/output\\function_expr.rs"
2024-11-21 10:32:11 [INFO] - Removing file: "src_tests\\extract/output\\indented_stmts.rs"
2024-11-21 10:32:11 [INFO] - Removing file: "src_tests\\extract/output\\indented_stmts_inside_mod.rs"
2024-11-21 10:32:11 [INFO] - Removing file: "src_tests\\extract/output\\it_should_not_generate_duplicate_function_names.rs"
2024-11-21 10:32:11 [INFO] - Removing file: "src_tests\\extract/output\\method_to_freestanding.rs"
2024-11-21 10:32:11 [INFO] - Removing file: "src_tests\\extract/output\\method_with_mut.rs"
2024-11-21 10:32:11 [INFO] - Removing file: "src_tests\\extract/output\\method_with_reference.rs"
2024-11-21 10:32:11 [INFO] - Removing file: "src_tests\\extract/output\\multi_variables_defined_inside_and_used_after_mutably_no_ret.rs"
2024-11-21 10:32:11 [INFO] - Removing file: "src_tests\\extract/output\\mut_field_from_outer_scope.rs"
2024-11-21 10:32:11 [INFO] - Removing file: "src_tests\\extract/output\\mut_method_call.rs"
2024-11-21 10:32:11 [INFO] - Removing file: "src_tests\\extract/output\\mut_nested_field_from_outer_scope.rs"
2024-11-21 10:32:11 [INFO] - Removing file: "src_tests\\extract/output\\mut_param_because_of_mut_ref.rs"
2024-11-21 10:32:11 [INFO] - Removing file: "src_tests\\extract/output\\mut_param_many_usages_expr.rs"
2024-11-21 10:32:11 [INFO] - Removing file: "src_tests\\extract/output\\mut_param_many_usages_stmt.rs"
2024-11-21 10:32:11 [INFO] - Removing file: "src_tests\\extract/output\\mut_var_from_outer_scope.rs"
2024-11-21 10:32:11 [INFO] - Removing file: "src_tests\\extract/output\\nested_generics.rs"
2024-11-21 10:32:11 [INFO] - Removing file: "src_tests\\extract/output\\nested_where_clauses.rs"
2024-11-21 10:32:11 [INFO] - Removing file: "src_tests\\extract/output\\no_args_for.rs"
2024-11-21 10:32:11 [INFO] - Removing file: "src_tests\\extract/output\\no_args_from_binary_expr.rs"
2024-11-21 10:32:11 [INFO] - Removing file: "src_tests\\extract/output\\no_args_from_binary_expr_indented.rs"
2024-11-21 10:32:11 [INFO] - Removing file: "src_tests\\extract/output\\no_args_from_binary_expr_in_module.rs"
2024-11-21 10:32:11 [INFO] - Removing file: "src_tests\\extract/output\\no_args_from_loop_unit.rs"
2024-11-21 10:32:11 [INFO] - Removing file: "src_tests\\extract/output\\no_args_from_loop_with_return.rs"
2024-11-21 10:32:11 [INFO] - Removing file: "src_tests\\extract/output\\no_args_from_match.rs"
2024-11-21 10:32:11 [INFO] - Removing file: "src_tests\\extract/output\\no_args_from_stmt_unit.rs"
2024-11-21 10:32:11 [INFO] - Removing file: "src_tests\\extract/output\\no_args_from_stmt_with_last_expr.rs"
2024-11-21 10:32:11 [INFO] - Removing file: "src_tests\\extract/output\\no_args_if.rs"
2024-11-21 10:32:11 [INFO] - Removing file: "src_tests\\extract/output\\no_args_if_else.rs"
2024-11-21 10:32:11 [INFO] - Running method extraction tests from directory src_tests
2024-11-21 10:32:12 [INFO] - Test 1 | PASSED | PASSED: argument_and_locals in 792.63ms
2024-11-21 10:32:12 [INFO] - Test 2 | PASSED | PASSED: argument_form_expr in 874.67ms
2024-11-21 10:32:13 [INFO] - Test 3 | PASSED | PASSED: argument_used_twice_form_expr in 870.84ms
2024-11-21 10:32:14 [INFO] - Test 4 | PASSED | PASSED: break_from_nested_and_outer_loops in 932.46ms
2024-11-21 10:32:15 [INFO] - Test 5 | PASSED | PASSED: break_from_nested_loop in 1.00s
2024-11-21 10:32:16 [INFO] - Test 6 | PASSED | PASSED: break_loop in 876.73ms
2024-11-21 10:32:17 [INFO] - Test 7 | PASSED | PASSED: break_loop_nested in 970.68ms
2024-11-21 10:32:18 [INFO] - Test 8 | PASSED | PASSED: break_loop_nested_labeled in 777.54ms
2024-11-21 10:32:19 [INFO] - Test 9 | PASSED | PASSED: break_loop_with_if in 751.50ms
2024-11-21 10:32:19 [INFO] - Test 10 | PASSED | PASSED: break_stmt in 772.96ms
2024-11-21 10:32:20 [INFO] - Test 11 | PASSED | PASSED: break_with_value in 798.74ms
2024-11-21 10:32:21 [INFO] - Test 12 | PASSED | PASSED: break_with_value_and_label in 806.38ms
2024-11-21 10:32:22 [INFO] - Test 13 | PASSED | PASSED: break_with_value_and_return in 764.90ms
2024-11-21 10:32:23 [INFO] - Test 14 | PASSED | PASSED: closure_arguments in 825.38ms
2024-11-21 10:32:24 [INFO] - Test 15 | PASSED | PASSED: comments_in_block_expr in 1.04s
2024-11-21 10:32:25 [INFO] - Test 16 | PASSED | PASSED: continue_loop_nested_labeled in 914.75ms
2024-11-21 10:32:25 [INFO] - Test 17 | PASSED | FAILED: copy_custom_used_after in 933.20ms
2024-11-21 10:32:26 [INFO] - Test 18 | PASSED | FAILED: copy_used_after in 1.04s
2024-11-21 10:32:27 [INFO] - Test 19 | PASSED | PASSED: does_not_add_extra_whitespace in 903.53ms
2024-11-21 10:32:29 [INFO] - Test 20 | PASSED | PASSED: does_not_import_control_flow in 1.20s
2024-11-21 10:32:30 [INFO] - Test 21 | PASSED | PASSED: dont_emit_type_with_hidden_lifetime_parameter in 1.23s
2024-11-21 10:32:31 [INFO] - Test 22 | PASSED | PASSED: empty_generic_param_list in 1.37s
2024-11-21 10:32:38 [INFO] - Test 23 | PASSED | PASSED: extract_cast in 6.40s
2024-11-21 10:32:39 [INFO] - Test 24 | PASSED | PASSED: extract_does_not_tear_body_apart in 1.28s
2024-11-21 10:32:40 [INFO] - Test 25 | PASSED | PASSED: extract_does_not_tear_comments_apart in 1.18s
2024-11-21 10:32:41 [INFO] - Test 26 | PASSED | FAILED: extract_does_not_wrap_res_in_res in 1.25s
2024-11-21 10:32:42 [INFO] - Test 27 | PASSED | Error: expected `,`: extract_from_nested in 1.13s
2024-11-21 10:32:44 [INFO] - Test 28 | PASSED | PASSED: extract_function_copies_comment_at_end in 1.28s
2024-11-21 10:32:45 [INFO] - Test 29 | PASSED | PASSED: extract_function_copies_comment_at_start in 1.12s
2024-11-21 10:32:51 [INFO] - Test 30 | PASSED | PASSED: extract_function_copies_comment_in_between in 6.37s
2024-11-21 10:32:52 [INFO] - Test 31 | PASSED | PASSED: extract_function_copies_comment_indented in 909.89ms
2024-11-21 10:32:53 [INFO] - Test 32 | PASSED | PASSED: extract_function_does_preserve_whitespace in 909.90ms
2024-11-21 10:32:54 [INFO] - Test 33 | PASSED | PASSED: extract_function_from_trait_with_existing_non_empty_impl_block in 891.03ms
2024-11-21 10:32:55 [INFO] - Test 34 | PASSED | PASSED: extract_function_long_form_comment in 1.02s
2024-11-21 10:32:56 [INFO] - Test 35 | PASSED | PASSED: extract_method_from_trait_impl in 1.04s
2024-11-21 10:33:02 [INFO] - Test 36 | PASSED | PASSED: extract_method_from_trait_with_existing_non_empty_impl_block in 5.83s
2024-11-21 10:33:03 [INFO] - Test 37 | PASSED | PASSED: extract_method_from_trait_with_multiple_existing_impl_blocks in 793.02ms
2024-11-21 10:33:04 [INFO] - Test 38 | PASSED | PASSED: extract_method_from_trait_with_multiple_existing_trait_impl_blocks in 884.05ms
2024-11-21 10:33:04 [INFO] - Test 39 | PASSED | PASSED: extract_mut_ref_param_has_no_mut_binding_in_loop in 925.45ms
2024-11-21 10:33:06 [INFO] - Test 40 | PASSED | PASSED: extract_partial_block in 1.16s
2024-11-21 10:33:07 [INFO] - Test 41 | PASSED | PASSED: extract_partial_block_single_line in 947.76ms
2024-11-21 10:33:08 [INFO] - Test 42 | PASSED | PASSED: extract_return_stmt in 1.06s
2024-11-21 10:33:09 [INFO] - Test 43 | PASSED | PASSED: extract_with_await in 1.07s
2024-11-21 10:33:10 [INFO] - Test 44 | FAILED: No Extract Function Assist found for the given selection of assists [Assist { id: AssistId("extract_variable", RefactorExtract), label: "Extract into variable", group: None, target: 40..54, source_change: None, command: None }] | N/A: extract_with_await_and_result_not_producing_match_expr in 965.46ms
2024-11-21 10:33:11 [INFO] - Test 45 | PASSED | PASSED: extract_with_await_and_result_producing_match_expr in 1.00s
2024-11-21 10:33:12 [INFO] - Test 46 | PASSED | PASSED: extract_with_await_in_args in 859.30ms
2024-11-21 10:33:12 [INFO] - Test 47 | FAILED: No Extract Function Assist found for the given selection of assists [] | N/A: extract_with_macro_arg in 792.82ms
2024-11-21 10:33:13 [INFO] - Test 48 | PASSED | PASSED: filter_unused_generics in 842.68ms
2024-11-21 10:33:14 [INFO] - Test 49 | PASSED | PASSED: filter_unused_where_clause in 828.07ms
2024-11-21 10:33:15 [INFO] - Test 50 | PASSED | PASSED: filters_unused_nested_generics in 766.74ms
2024-11-21 10:33:16 [INFO] - Test 51 | PASSED | PASSED: filters_unused_nested_where_clauses in 861.39ms
2024-11-21 10:33:17 [INFO] - Test 52 | PASSED | PASSED: function_expr in 877.37ms
2024-11-21 10:33:18 [INFO] - Test 53 | PASSED | PASSED: indented_stmts in 1.06s
2024-11-21 10:33:19 [INFO] - Test 54 | PASSED | PASSED: indented_stmts_inside_mod in 957.44ms
2024-11-21 10:33:20 [INFO] - Test 55 | PASSED | PASSED: it_should_not_generate_duplicate_function_names in 1.00s
2024-11-21 10:33:20 [INFO] - Test 56 | PASSED | PASSED: method_to_freestanding in 963.72ms
2024-11-21 10:33:21 [INFO] - Test 57 | PASSED | PASSED: method_with_mut in 987.74ms
2024-11-21 10:33:22 [INFO] - Test 58 | PASSED | PASSED: method_with_reference in 999.36ms
2024-11-21 10:33:23 [INFO] - Test 59 | PASSED | PASSED: multi_variables_defined_inside_and_used_after_mutably_no_ret in 883.76ms
2024-11-21 10:33:24 [INFO] - Test 60 | PASSED | PASSED: mut_field_from_outer_scope in 1.08s
2024-11-21 10:33:25 [INFO] - Test 61 | PASSED | PASSED: mut_method_call in 924.09ms
2024-11-21 10:33:26 [INFO] - Test 62 | PASSED | PASSED: mut_nested_field_from_outer_scope in 992.18ms
2024-11-21 10:33:27 [INFO] - Test 63 | PASSED | PASSED: mut_param_because_of_mut_ref in 1.03s
2024-11-21 10:33:29 [INFO] - Test 64 | PASSED | PASSED: mut_param_many_usages_expr in 1.26s
2024-11-21 10:33:30 [INFO] - Test 65 | PASSED | PASSED: mut_param_many_usages_stmt in 997.54ms
2024-11-21 10:33:31 [INFO] - Test 66 | PASSED | PASSED: mut_var_from_outer_scope in 910.64ms
2024-11-21 10:33:32 [INFO] - Test 67 | PASSED | PASSED: nested_generics in 1.04s
2024-11-21 10:33:33 [INFO] - Test 68 | PASSED | PASSED: nested_where_clauses in 900.94ms
2024-11-21 10:33:34 [INFO] - Test 69 | PASSED | PASSED: no_args_for in 1.10s
2024-11-21 10:33:35 [INFO] - Test 70 | PASSED | PASSED: no_args_from_binary_expr in 923.73ms
2024-11-21 10:33:36 [INFO] - Test 71 | PASSED | PASSED: no_args_from_binary_expr_in_module in 975.43ms
2024-11-21 10:33:37 [INFO] - Test 72 | PASSED | PASSED: no_args_from_binary_expr_indented in 1.00s
2024-11-21 10:33:38 [INFO] - Test 73 | PASSED | PASSED: no_args_from_loop_unit in 962.67ms
2024-11-21 10:33:39 [INFO] - Test 74 | PASSED | PASSED: no_args_from_loop_with_return in 1.00s
2024-11-21 10:33:39 [INFO] - Test 75 | PASSED | PASSED: no_args_from_match in 929.11ms
2024-11-21 10:33:41 [INFO] - Test 76 | PASSED | PASSED: no_args_from_stmt_unit in 1.07s
2024-11-21 10:33:41 [INFO] - Test 77 | PASSED | PASSED: no_args_from_stmt_with_last_expr in 950.02ms
2024-11-21 10:33:43 [INFO] - Test 78 | PASSED | PASSED: no_args_if in 1.05s
2024-11-21 10:33:43 [INFO] - Test 79 | PASSED | PASSED: no_args_if_else in 902.34ms
2024-11-21 10:33:44 [INFO] - Test 80 | PASSED | PASSED: no_args_if_let_else in 918.85ms
2024-11-21 10:33:45 [INFO] - Test 81 | PASSED | PASSED: no_args_match in 1.04s
2024-11-21 10:33:46 [INFO] - Test 82 | PASSED | PASSED: no_args_while in 990.17ms
2024-11-21 10:33:48 [INFO] - Test 83 | PASSED | FAILED: non_tail_expr_of_tail_expr_loop in 1.30s
2024-11-21 10:33:49 [INFO] - Test 84 | PASSED | FAILED: non_tail_expr_of_tail_if_block in 1.08s
2024-11-21 10:33:50 [INFO] - Test 85 | PASSED | FAILED: non_tail_expr_with_comment_of_tail_expr_loop in 1.31s
2024-11-21 10:33:51 [INFO] - Test 86 | PASSED | PASSED: nontrivial_patterns_define_variables in 948.83ms
2024-11-21 10:33:52 [INFO] - Test 87 | PASSED | PASSED: param_from_closure in 985.27ms
2024-11-21 10:33:58 [INFO] - Test 88 | FAILED: No Extract Function Assist found for the given selection of assists [] | N/A: param_usage_in_macro in 5.80s
2024-11-21 10:33:59 [INFO] - Test 89 | FAILED: No Extract Function Assist found for the given selection of assists [] | N/A: param_usage_in_macro_with_nested_tt in 912.70ms
2024-11-21 10:34:00 [INFO] - Test 90 | FAILED: No Extract Function Assist found for the given selection of assists [Assist { id: AssistId("extract_variable", RefactorExtract), label: "Extract into variable", group: None, target: 116..117, source_change: None, command: None }] | N/A: param_usage_in_macro_with_nested_tt_2 in 1.12s
2024-11-21 10:34:01 [INFO] - Test 91 | PASSED | PASSED: part_of_expr_stmt in 1.09s
2024-11-21 10:34:02 [INFO] - Test 92 | PASSED | PASSED: preserve_generics in 884.66ms
2024-11-21 10:34:03 [INFO] - Test 93 | PASSED | PASSED: preserve_generics_from_body in 928.99ms
2024-11-21 10:34:04 [INFO] - Test 94 | PASSED | PASSED: preserve_where_clause in 913.10ms
2024-11-21 10:34:05 [INFO] - Test 95 | PASSED | PASSED: reference_mutable_param_with_further_usages in 1.14s
2024-11-21 10:34:06 [INFO] - Test 96 | PASSED | PASSED: reference_mutable_param_without_further_usages in 1.02s
2024-11-21 10:34:07 [INFO] - Test 97 | PASSED | PASSED: return_from_nested_fn in 1.02s
2024-11-21 10:34:08 [INFO] - Test 98 | PASSED | PASSED: return_from_nested_loop in 973.09ms
2024-11-21 10:34:09 [INFO] - Test 99 | PASSED | FAILED: return_to_parent in 1.11s
2024-11-21 10:34:10 [INFO] - Test 100 | PASSED | PASSED: should_increment_suffix_until_it_finds_space in 932.63ms
2024-11-21 10:34:11 [INFO] - Test 101 | PASSED | Error: expected `;`: struct_with_two_fields_pattern_define_variables in 918.48ms
2024-11-21 10:34:12 [INFO] - Test 102 | PASSED | FAILED: tail_expr_no_extra_control_flow in 1.02s
2024-11-21 10:34:13 [INFO] - Test 103 | PASSED | FAILED: tail_expr_of_tail_block_nested in 903.92ms
2024-11-21 10:34:14 [INFO] - Test 104 | PASSED | FAILED: try_and_return_ok in 806.22ms
2024-11-21 10:34:14 [INFO] - Test 105 | PASSED | FAILED: try_option in 898.39ms
2024-11-21 10:34:15 [INFO] - Test 106 | PASSED | FAILED: try_option_unit in 831.76ms
2024-11-21 10:34:16 [INFO] - Test 107 | PASSED | FAILED: try_option_with_return in 847.90ms
2024-11-21 10:34:17 [INFO] - Test 108 | PASSED | FAILED: try_result in 844.03ms
2024-11-21 10:34:18 [INFO] - Test 109 | PASSED | FAILED: try_result_with_return in 1.16s
2024-11-21 10:34:19 [INFO] - Test 110 | PASSED | PASSED: two_arguments_form_expr in 1.13s
2024-11-21 10:34:20 [INFO] - Test 111 | PASSED | PASSED: two_variables_defined_inside_and_used_after_no_ret in 902.34ms
2024-11-21 10:34:21 [INFO] - Test 112 | PASSED | PASSED: unresolveable_types_default_to_placeholder in 792.08ms
2024-11-21 10:34:22 [INFO] - Test 113 | PASSED | PASSED: variable_defined_inside_and_used_after_mutably_no_ret in 822.63ms
2024-11-21 10:34:23 [INFO] - Test 114 | PASSED | PASSED: variable_defined_inside_and_used_after_no_ret in 985.05ms
2024-11-21 10:34:23 [INFO] - ------------------------------------------------------------------
2024-11-21 10:34:23 [INFO] - Total tests run: 114
2024-11-21 10:34:23 [INFO] - Tests passed stage 1: 109
2024-11-21 10:34:23 [INFO] - Tests passed: 92
2024-11-21 10:34:23 [INFO] - Tests failed: 22
2024-11-21 10:34:23 [INFO] - Total time: 132.07s
2024-11-21 10:34:23 [INFO] - Average time per test: 1.16s
2024-11-21 10:34:23 [INFO] - Shortest test time: 751.50ms
2024-11-21 10:34:23 [INFO] - Longest test time: 6.40s
2024-11-21 10:34:23 [INFO] - Extract tests successful, 22 tests failed
2024-11-21 10:34:23 [INFO] - Running tests from directory src_testscontroller
2024-11-21 10:34:32 [INFO] - Controller tests successful, 2 tests failed
2024-11-21 10:34:32 [INFO] - Running tests from directory src_testsborrower
2024-11-21 10:34:32 [ERROR] - Borrower failed: BorrowerFailed
2024-11-21 10:34:32 [ERROR] - Borrower failed: BorrowerFailed
2024-11-21 10:34:37 [INFO] - Borrower tests successful, 5 tests failed
2024-11-21 10:34:37 [INFO] - Running tests from directory src_testsrepairer
2024-11-21 10:34:38 [INFO] - repair count: 1
2024-11-21 10:34:38 [INFO] - status: true
2024-11-21 10:34:38 [INFO] - repair count: 1
2024-11-21 10:34:38 [INFO] - status: true
2024-11-21 10:34:38 [INFO] - repair count: 1
2024-11-21 10:34:38 [INFO] - status: false
2024-11-21 10:34:39 [INFO] - repair count: 1
2024-11-21 10:34:39 [INFO] - status: false
2024-11-21 10:34:39 [INFO] - repair count: 1
2024-11-21 10:34:39 [INFO] - status: true
2024-11-21 10:34:40 [INFO] - repair count: 1
2024-11-21 10:34:40 [INFO] - status: true
2024-11-21 10:34:40 [INFO] - repair count: 0
2024-11-21 10:34:40 [INFO] - status: true
2024-11-21 10:34:41 [INFO] - repair count: 1
2024-11-21 10:34:41 [INFO] - status: true
2024-11-21 10:34:41 [INFO] - repair count: 1
2024-11-21 10:34:41 [INFO] - status: true
2024-11-21 10:34:42 [INFO] - repair count: 1
2024-11-21 10:34:42 [INFO] - status: true
2024-11-21 10:34:42 [INFO] - repair count: 1
2024-11-21 10:34:42 [INFO] - status: true
2024-11-21 10:34:43 [INFO] - repair count: 1
2024-11-21 10:34:43 [INFO] - status: true
2024-11-21 10:34:44 [INFO] - repair count: 2
2024-11-21 10:34:44 [INFO] - status: false
2024-11-21 10:34:44 [INFO] - repair count: 2
2024-11-21 10:34:44 [INFO] - status: false
2024-11-21 10:34:44 [INFO] - repair count: 1
2024-11-21 10:34:44 [INFO] - status: false
2024-11-21 10:34:44 [INFO] - repair count: 1
2024-11-21 10:34:44 [INFO] - status: false
2024-11-21 10:34:45 [INFO] - repair count: 1
2024-11-21 10:34:45 [INFO] - status: false
2024-11-21 10:34:45 [INFO] - repair count: 1
2024-11-21 10:34:45 [INFO] - status: false
2024-11-21 10:34:45 [INFO] - repair count: 1
2024-11-21 10:34:45 [INFO] - status: false
2024-11-21 10:34:45 [INFO] - repair count: 1
2024-11-21 10:34:45 [INFO] - status: false
2024-11-21 10:34:46 [INFO] - repair count: 1
2024-11-21 10:34:46 [INFO] - status: true
2024-11-21 10:34:46 [INFO] - repair count: 1
2024-11-21 10:34:46 [INFO] - status: false
2024-11-21 10:34:46 [INFO] - repair count: 1
2024-11-21 10:34:46 [INFO] - status: true
2024-11-21 10:34:47 [INFO] - repair count: 1
2024-11-21 10:34:47 [INFO] - status: true
2024-11-21 10:34:48 [INFO] - repair count: 0
2024-11-21 10:34:48 [INFO] - status: true
2024-11-21 10:34:48 [INFO] - repair count: 0
2024-11-21 10:34:48 [INFO] - status: true
2024-11-21 10:34:48 [INFO] - repair count: 0
2024-11-21 10:34:48 [INFO] - status: true
2024-11-21 10:34:49 [INFO] - repair count: 0
2024-11-21 10:34:49 [INFO] - status: true
2024-11-21 10:34:49 [INFO] - Repairer tests succesful, 11 tests failed
2024-11-21 10:34:49 [INFO] - All tests completed. Total failed tests: 40
2024-11-21 10:34:49 [INFO] - Test running finished, 40 tests failed
2024-11-21 10:34:49 [INFO] - Refactoring completed successfully
